<?xml version="1.0" encoding="UTF-8"?>
<!-- Generated by org.testng.reporters.JUnitReportReporter -->
<testsuite hostname="Lenovo" failures="0" tests="3" name="douchebank.test1" time="87.607" errors="0" timestamp="2023-01-11T12:57:33 IST" skipped="0">
  <testcase classname="douchebank.test1" name="verifyLogo" time="87.597"/>
  <system-out/>
  <testcase classname="douchebank.test1" name="t1" time="0.002"/>
  <system-out/>
  <testcase classname="douchebank.test1" name="t1" time="0.008"/>
  <system-out/>
</testsuite> <!-- douchebank.test1 -->
